This is pdfTeX, Version 3.14159265-2.6-1.40.18 (TeX Live 2017/W32TeX) (preloaded format=pdflatex 2017.8.29)  4 APR 2023 14:22
entering extended mode
 restricted \write18 enabled.
 %&-line parsing enabled.
**./jxcdc.tex
(./jxcdc.tex
LaTeX2e <2017-04-15>
Babel <3.10> and hyphenation patterns for 84 language(s) loaded.
(./IEEEoj.cls

LaTeX Warning: You have requested document class `IEEEoj',
               but the document class provides `IEEEphot'.

Document Class: IEEEphot 2009/06/23 V1.2
-- See the "IEEEphot_HOWTO" manual for usage information.
\@IEEEtrantmpdimenA=\dimen102
\@IEEEtrantmpdimenB=\dimen103
\@IEEEtrantmpcountA=\count79
\@IEEEtrantmpcountB=\count80
\@IEEEtrantmptoksA=\toks14
LaTeX Font Info:    Try loading font information for OT1+ptm on input line 398.

(y:/sw/texlive/2017/texmf-dist/tex/latex/psnfss/ot1ptm.fd
File: ot1ptm.fd 2001/06/04 font definitions for OT1/ptm.
)
-- Using 8.25in x 10.75in (IEEE Photonics PaperSize) paper.
-- Using PDF output.
\@IEEEnormalsizeunitybaselineskip=\dimen104
-- This is a 10 point document.
\CLASSINFOnormalsizebaselineskip=\dimen105
\CLASSINFOnormalsizeunitybaselineskip=\dimen106
\IEEEnormaljot=\dimen107
LaTeX Font Info:    Font shape `OT1/ptm/bx/n' in size <5> not available
(Font)              Font shape `OT1/ptm/b/n' tried instead on input line 756.
LaTeX Font Info:    Font shape `OT1/ptm/bx/it' in size <5> not available
(Font)              Font shape `OT1/ptm/b/it' tried instead on input line 756.
LaTeX Font Info:    Font shape `OT1/ptm/bx/n' in size <7> not available
(Font)              Font shape `OT1/ptm/b/n' tried instead on input line 756.
LaTeX Font Info:    Font shape `OT1/ptm/bx/it' in size <7> not available
(Font)              Font shape `OT1/ptm/b/it' tried instead on input line 756.
LaTeX Font Info:    Font shape `OT1/ptm/bx/n' in size <8> not available
(Font)              Font shape `OT1/ptm/b/n' tried instead on input line 756.
LaTeX Font Info:    Font shape `OT1/ptm/bx/it' in size <8> not available
(Font)              Font shape `OT1/ptm/b/it' tried instead on input line 756.
LaTeX Font Info:    Font shape `OT1/ptm/bx/n' in size <10.03749> not available
(Font)              Font shape `OT1/ptm/b/n' tried instead on input line 756.
LaTeX Font Info:    Font shape `OT1/ptm/bx/it' in size <10.03749> not available

(Font)              Font shape `OT1/ptm/b/it' tried instead on input line 756.
LaTeX Font Info:    Font shape `OT1/ptm/bx/n' in size <10> not available
(Font)              Font shape `OT1/ptm/b/n' tried instead on input line 756.
LaTeX Font Info:    Font shape `OT1/ptm/bx/it' in size <10> not available
(Font)              Font shape `OT1/ptm/b/it' tried instead on input line 756.
LaTeX Font Info:    Font shape `OT1/ptm/bx/n' in size <12> not available
(Font)              Font shape `OT1/ptm/b/n' tried instead on input line 756.
LaTeX Font Info:    Font shape `OT1/ptm/bx/it' in size <12> not available
(Font)              Font shape `OT1/ptm/b/it' tried instead on input line 756.
LaTeX Font Info:    Font shape `OT1/ptm/bx/n' in size <17> not available
(Font)              Font shape `OT1/ptm/b/n' tried instead on input line 756.
LaTeX Font Info:    Font shape `OT1/ptm/bx/it' in size <17> not available
(Font)              Font shape `OT1/ptm/b/it' tried instead on input line 756.
LaTeX Font Info:    Font shape `OT1/ptm/bx/n' in size <20> not available
(Font)              Font shape `OT1/ptm/b/n' tried instead on input line 756.
LaTeX Font Info:    Font shape `OT1/ptm/bx/it' in size <20> not available
(Font)              Font shape `OT1/ptm/b/it' tried instead on input line 756.
LaTeX Font Info:    Font shape `OT1/ptm/bx/n' in size <18> not available
(Font)              Font shape `OT1/ptm/b/n' tried instead on input line 756.
LaTeX Font Info:    Font shape `OT1/ptm/bx/it' in size <18> not available
(Font)              Font shape `OT1/ptm/b/it' tried instead on input line 756.
\IEEEilabelindentA=\dimen108
\IEEEilabelindentB=\dimen109
\IEEEilabelindent=\dimen110
\IEEEelabelindent=\dimen111
\IEEEdlabelindent=\dimen112
\IEEElabelindent=\dimen113
\IEEEiednormlabelsep=\dimen114
\IEEEiedmathlabelsep=\dimen115
\IEEEiedtopsep=\skip41
\c@section=\count81
\c@subsection=\count82
\c@subsubsection=\count83
\c@paragraph=\count84
\c@IEEEsubequation=\count85
\abovecaptionskip=\skip42
\belowcaptionskip=\skip43
\c@figure=\count86
\marginfigbox=\box26
\c@table=\count87
\margintabbox=\box27
\@IEEEeqnnumcols=\count88
\@IEEEeqncolcnt=\count89
(y:/sw/texlive/2017/texmf-dist/tex/latex/graphics/color.sty
Package: color 2016/07/10 v1.1e Standard LaTeX Color (DPC)

(y:/sw/texlive/2017/texmf-dist/tex/latex/graphics-cfg/color.cfg
File: color.cfg 2016/01/02 v1.6 sample color configuration
)
Package color Info: Driver file: pdftex.def on input line 147.

(y:/sw/texlive/2017/texmf-dist/tex/latex/graphics-def/pdftex.def
File: pdftex.def 2017/01/12 v0.06k Graphics/color for pdfTeX

(y:/sw/texlive/2017/texmf-dist/tex/generic/oberdiek/infwarerr.sty
Package: infwarerr 2016/05/16 v1.4 Providing info/warning/error messages (HO)
)
(y:/sw/texlive/2017/texmf-dist/tex/generic/oberdiek/ltxcmds.sty
Package: ltxcmds 2016/05/16 v1.23 LaTeX kernel commands for general use (HO)
)
\Gread@gobject=\count90
))
(y:/sw/texlive/2017/texmf-dist/tex/generic/oberdiek/ifpdf.sty
Package: ifpdf 2017/03/15 v3.2 Provides the ifpdf switch
)
(y:/sw/texlive/2017/texmf-dist/tex/latex/base/ifthen.sty
Package: ifthen 2014/09/29 v1.1c Standard LaTeX ifthen package (DPC)
)
Package color Info: Redefining color white on input line 3384.
\tempbox=\box28
\abstractbox=\box29
\keybox=\box30
\@IEEEtmpitemindent=\dimen116
\c@IEEEbiography=\count91
\@IEEEtranrubishbin=\box31
\footheight=\dimen117
\typeheight=\dimen118
\typewidth=\dimen119
\authorcount=\count92
\chkaucount=\count93
\tempcount=\count94
\affcount=\count95

(y:/sw/texlive/2017/texmf-dist/tex/latex/wrapfig/wrapfig.sty
\wrapoverhang=\dimen120
\WF@size=\dimen121
\c@WF@wrappedlines=\count96
\WF@box=\box32
\WF@everypar=\toks15
Package: wrapfig 2003/01/31  v 3.6
)
(y:/sw/texlive/2017/texmf-dist/tex/latex/tools/array.sty
Package: array 2016/10/06 v2.4d Tabular extension package (FMi)
\col@sep=\dimen122
\extrarowheight=\dimen123
\NC@list=\toks16
\extratabsurround=\skip44
\backup@length=\skip45
)
\quotebox=\box33
\quoteskp=\skip46
\sdquoteskp=\skip47
\quotecnt=\count97
)
(y:/sw/texlive/2017/texmf-dist/tex/latex/cite/cite.sty
LaTeX Info: Redefining \cite on input line 302.
LaTeX Info: Redefining \nocite on input line 332.
Package: cite 2015/02/27  v 5.5
)
(y:/sw/texlive/2017/texmf-dist/tex/latex/amsmath/amsmath.sty
Package: amsmath 2016/11/05 v2.16a AMS math features
\@mathmargin=\skip48

For additional information on amsmath, use the `?' option.
(y:/sw/texlive/2017/texmf-dist/tex/latex/amsmath/amstext.sty
Package: amstext 2000/06/29 v2.01 AMS text

(y:/sw/texlive/2017/texmf-dist/tex/latex/amsmath/amsgen.sty
File: amsgen.sty 1999/11/30 v2.0 generic functions
\@emptytoks=\toks17
\ex@=\dimen124
))
(y:/sw/texlive/2017/texmf-dist/tex/latex/amsmath/amsbsy.sty
Package: amsbsy 1999/11/29 v1.2d Bold Symbols
\pmbraise@=\dimen125
)
(y:/sw/texlive/2017/texmf-dist/tex/latex/amsmath/amsopn.sty
Package: amsopn 2016/03/08 v2.02 operator names
)
\inf@bad=\count98
LaTeX Info: Redefining \frac on input line 213.
\uproot@=\count99
\leftroot@=\count100
LaTeX Info: Redefining \overline on input line 375.
\classnum@=\count101
\DOTSCASE@=\count102
LaTeX Info: Redefining \ldots on input line 472.
LaTeX Info: Redefining \dots on input line 475.
LaTeX Info: Redefining \cdots on input line 596.
\Mathstrutbox@=\box34
\strutbox@=\box35
\big@size=\dimen126
LaTeX Font Info:    Redeclaring font encoding OML on input line 712.
LaTeX Font Info:    Redeclaring font encoding OMS on input line 713.
\macc@depth=\count103
\c@MaxMatrixCols=\count104
\dotsspace@=\muskip10
\c@parentequation=\count105
\dspbrk@lvl=\count106
\tag@help=\toks18
\row@=\count107
\column@=\count108
\maxfields@=\count109
\andhelp@=\toks19
\eqnshift@=\dimen127
\alignsep@=\dimen128
\tagshift@=\dimen129
\tagwidth@=\dimen130
\totwidth@=\dimen131
\lineht@=\dimen132
\@envbody=\toks20
\multlinegap=\skip49
\multlinetaggap=\skip50
\mathdisplay@stack=\toks21
LaTeX Info: Redefining \[ on input line 2817.
LaTeX Info: Redefining \] on input line 2818.
)
(y:/sw/texlive/2017/texmf-dist/tex/latex/amsfonts/amssymb.sty
Package: amssymb 2013/01/14 v3.01 AMS font symbols

(y:/sw/texlive/2017/texmf-dist/tex/latex/amsfonts/amsfonts.sty
Package: amsfonts 2013/01/14 v3.01 Basic AMSFonts support
\symAMSa=\mathgroup4
\symAMSb=\mathgroup5
LaTeX Font Info:    Overwriting math alphabet `\mathfrak' in version `bold'
(Font)                  U/euf/m/n --> U/euf/b/n on input line 106.
))
(y:/sw/texlive/texmf-local/tex/latex/algorithmic.sty
Package: algorithmic 

Document Style `algorithmic' - environment
(y:/sw/texlive/2017/texmf-dist/tex/latex/tools/calc.sty
Package: calc 2014/10/28 v4.3 Infix arithmetic (KKT,FJ)
\calc@Acount=\count110
\calc@Bcount=\count111
\calc@Adimen=\dimen133
\calc@Bdimen=\dimen134
\calc@Askip=\skip51
\calc@Bskip=\skip52
LaTeX Info: Redefining \setlength on input line 80.
LaTeX Info: Redefining \addtolength on input line 81.
\calc@Ccount=\count112
\calc@Cskip=\skip53
)
\c@ALC@line=\count113
\c@ALC@rem=\count114
\ALC@tlm=\skip54
)
(y:/sw/texlive/2017/texmf-dist/tex/latex/graphics/graphicx.sty
Package: graphicx 2014/10/28 v1.0g Enhanced LaTeX Graphics (DPC,SPQR)

(y:/sw/texlive/2017/texmf-dist/tex/latex/graphics/keyval.sty
Package: keyval 2014/10/28 v1.15 key=value parser (DPC)
\KV@toks@=\toks22
)
(y:/sw/texlive/2017/texmf-dist/tex/latex/graphics/graphics.sty
Package: graphics 2017/04/14 v1.1b Standard LaTeX Graphics (DPC,SPQR)

(y:/sw/texlive/2017/texmf-dist/tex/latex/graphics/trig.sty
Package: trig 2016/01/03 v1.10 sin cos tan (DPC)
)
(y:/sw/texlive/2017/texmf-dist/tex/latex/graphics-cfg/graphics.cfg
File: graphics.cfg 2016/06/04 v1.11 sample graphics configuration
)
Package graphics Info: Driver file: pdftex.def on input line 99.
)
\Gin@req@height=\dimen135
\Gin@req@width=\dimen136
)
(y:/sw/texlive/2017/texmf-dist/tex/latex/base/textcomp.sty
Package: textcomp 2017/04/05 v2.0i Standard LaTeX package
Package textcomp Info: Sub-encoding information:
(textcomp)               5 = only ISO-Adobe without \textcurrency
(textcomp)               4 = 5 + \texteuro
(textcomp)               3 = 4 + \textohm
(textcomp)               2 = 3 + \textestimated + \textcurrency
(textcomp)               1 = TS1 - \textcircled - \t
(textcomp)               0 = TS1 (full)
(textcomp)             Font families with sub-encoding setting implement
(textcomp)             only a restricted character set as indicated.
(textcomp)             Family '?' is the default used for unknown fonts.
(textcomp)             See the documentation for details.
Package textcomp Info: Setting ? sub-encoding to TS1/1 on input line 79.

(y:/sw/texlive/2017/texmf-dist/tex/latex/base/ts1enc.def
File: ts1enc.def 2001/06/05 v3.0e (jk/car/fm) Standard LaTeX file
)
LaTeX Info: Redefining \oldstylenums on input line 334.
Package textcomp Info: Setting cmr sub-encoding to TS1/0 on input line 349.
Package textcomp Info: Setting cmss sub-encoding to TS1/0 on input line 350.
Package textcomp Info: Setting cmtt sub-encoding to TS1/0 on input line 351.
Package textcomp Info: Setting cmvtt sub-encoding to TS1/0 on input line 352.
Package textcomp Info: Setting cmbr sub-encoding to TS1/0 on input line 353.
Package textcomp Info: Setting cmtl sub-encoding to TS1/0 on input line 354.
Package textcomp Info: Setting ccr sub-encoding to TS1/0 on input line 355.
Package textcomp Info: Setting ptm sub-encoding to TS1/4 on input line 356.
Package textcomp Info: Setting pcr sub-encoding to TS1/4 on input line 357.
Package textcomp Info: Setting phv sub-encoding to TS1/4 on input line 358.
Package textcomp Info: Setting ppl sub-encoding to TS1/3 on input line 359.
Package textcomp Info: Setting pag sub-encoding to TS1/4 on input line 360.
Package textcomp Info: Setting pbk sub-encoding to TS1/4 on input line 361.
Package textcomp Info: Setting pnc sub-encoding to TS1/4 on input line 362.
Package textcomp Info: Setting pzc sub-encoding to TS1/4 on input line 363.
Package textcomp Info: Setting bch sub-encoding to TS1/4 on input line 364.
Package textcomp Info: Setting put sub-encoding to TS1/5 on input line 365.
Package textcomp Info: Setting uag sub-encoding to TS1/5 on input line 366.
Package textcomp Info: Setting ugq sub-encoding to TS1/5 on input line 367.
Package textcomp Info: Setting ul8 sub-encoding to TS1/4 on input line 368.
Package textcomp Info: Setting ul9 sub-encoding to TS1/4 on input line 369.
Package textcomp Info: Setting augie sub-encoding to TS1/5 on input line 370.
Package textcomp Info: Setting dayrom sub-encoding to TS1/3 on input line 371.
Package textcomp Info: Setting dayroms sub-encoding to TS1/3 on input line 372.

Package textcomp Info: Setting pxr sub-encoding to TS1/0 on input line 373.
Package textcomp Info: Setting pxss sub-encoding to TS1/0 on input line 374.
Package textcomp Info: Setting pxtt sub-encoding to TS1/0 on input line 375.
Package textcomp Info: Setting txr sub-encoding to TS1/0 on input line 376.
Package textcomp Info: Setting txss sub-encoding to TS1/0 on input line 377.
Package textcomp Info: Setting txtt sub-encoding to TS1/0 on input line 378.
Package textcomp Info: Setting lmr sub-encoding to TS1/0 on input line 379.
Package textcomp Info: Setting lmdh sub-encoding to TS1/0 on input line 380.
Package textcomp Info: Setting lmss sub-encoding to TS1/0 on input line 381.
Package textcomp Info: Setting lmssq sub-encoding to TS1/0 on input line 382.
Package textcomp Info: Setting lmvtt sub-encoding to TS1/0 on input line 383.
Package textcomp Info: Setting lmtt sub-encoding to TS1/0 on input line 384.
Package textcomp Info: Setting qhv sub-encoding to TS1/0 on input line 385.
Package textcomp Info: Setting qag sub-encoding to TS1/0 on input line 386.
Package textcomp Info: Setting qbk sub-encoding to TS1/0 on input line 387.
Package textcomp Info: Setting qcr sub-encoding to TS1/0 on input line 388.
Package textcomp Info: Setting qcs sub-encoding to TS1/0 on input line 389.
Package textcomp Info: Setting qpl sub-encoding to TS1/0 on input line 390.
Package textcomp Info: Setting qtm sub-encoding to TS1/0 on input line 391.
Package textcomp Info: Setting qzc sub-encoding to TS1/0 on input line 392.
Package textcomp Info: Setting qhvc sub-encoding to TS1/0 on input line 393.
Package textcomp Info: Setting futs sub-encoding to TS1/4 on input line 394.
Package textcomp Info: Setting futx sub-encoding to TS1/4 on input line 395.
Package textcomp Info: Setting futj sub-encoding to TS1/4 on input line 396.
Package textcomp Info: Setting hlh sub-encoding to TS1/3 on input line 397.
Package textcomp Info: Setting hls sub-encoding to TS1/3 on input line 398.
Package textcomp Info: Setting hlst sub-encoding to TS1/3 on input line 399.
Package textcomp Info: Setting hlct sub-encoding to TS1/5 on input line 400.
Package textcomp Info: Setting hlx sub-encoding to TS1/5 on input line 401.
Package textcomp Info: Setting hlce sub-encoding to TS1/5 on input line 402.
Package textcomp Info: Setting hlcn sub-encoding to TS1/5 on input line 403.
Package textcomp Info: Setting hlcw sub-encoding to TS1/5 on input line 404.
Package textcomp Info: Setting hlcf sub-encoding to TS1/5 on input line 405.
Package textcomp Info: Setting pplx sub-encoding to TS1/3 on input line 406.
Package textcomp Info: Setting pplj sub-encoding to TS1/3 on input line 407.
Package textcomp Info: Setting ptmx sub-encoding to TS1/4 on input line 408.
Package textcomp Info: Setting ptmj sub-encoding to TS1/4 on input line 409.
) (./jxcdc.aux)
\openout1 = `jxcdc.aux'.

LaTeX Font Info:    Checking defaults for OML/cmm/m/it on input line 28.
LaTeX Font Info:    ... okay on input line 28.
LaTeX Font Info:    Checking defaults for T1/cmr/m/n on input line 28.
LaTeX Font Info:    ... okay on input line 28.
LaTeX Font Info:    Checking defaults for OT1/cmr/m/n on input line 28.
LaTeX Font Info:    ... okay on input line 28.
LaTeX Font Info:    Checking defaults for OMS/cmsy/m/n on input line 28.
LaTeX Font Info:    ... okay on input line 28.
LaTeX Font Info:    Checking defaults for OMX/cmex/m/n on input line 28.
LaTeX Font Info:    ... okay on input line 28.
LaTeX Font Info:    Checking defaults for U/cmr/m/n on input line 28.
LaTeX Font Info:    ... okay on input line 28.
LaTeX Font Info:    Checking defaults for TS1/cmr/m/n on input line 28.
LaTeX Font Info:    Try loading font information for TS1+cmr on input line 28.

(y:/sw/texlive/2017/texmf-dist/tex/latex/base/ts1cmr.fd
File: ts1cmr.fd 2014/09/29 v2.5h Standard LaTeX font definitions
)
LaTeX Font Info:    ... okay on input line 28.

(y:/sw/texlive/2017/texmf-dist/tex/context/base/mkii/supp-pdf.mkii
[Loading MPS to PDF converter (version 2006.09.02).]
\scratchcounter=\count115
\scratchdimen=\dimen137
\scratchbox=\box36
\nofMPsegments=\count116
\nofMParguments=\count117
\everyMPshowfont=\toks23
\MPscratchCnt=\count118
\MPscratchDim=\dimen138
\MPnumerator=\count119
\makeMPintoPDFobject=\count120
\everyMPtoPDFconversion=\toks24
) (y:/sw/texlive/2017/texmf-dist/tex/generic/oberdiek/pdftexcmds.sty
Package: pdftexcmds 2017/03/19 v0.25 Utility functions of pdfTeX for LuaTeX (HO
)

(y:/sw/texlive/2017/texmf-dist/tex/generic/oberdiek/ifluatex.sty
Package: ifluatex 2016/05/16 v1.4 Provides the ifluatex switch (HO)
Package ifluatex Info: LuaTeX not detected.
)
Package pdftexcmds Info: LuaTeX not detected.
Package pdftexcmds Info: \pdf@primitive is available.
Package pdftexcmds Info: \pdf@ifprimitive is available.
Package pdftexcmds Info: \pdfdraftmode found.
)
(y:/sw/texlive/2017/texmf-dist/tex/latex/oberdiek/epstopdf-base.sty
Package: epstopdf-base 2016/05/15 v2.6 Base part for package epstopdf

(y:/sw/texlive/2017/texmf-dist/tex/latex/oberdiek/grfext.sty
Package: grfext 2016/05/16 v1.2 Manage graphics extensions (HO)

(y:/sw/texlive/2017/texmf-dist/tex/generic/oberdiek/kvdefinekeys.sty
Package: kvdefinekeys 2016/05/16 v1.4 Define keys (HO)
))
(y:/sw/texlive/2017/texmf-dist/tex/latex/oberdiek/kvoptions.sty
Package: kvoptions 2016/05/16 v3.12 Key value format for package options (HO)

(y:/sw/texlive/2017/texmf-dist/tex/generic/oberdiek/kvsetkeys.sty
Package: kvsetkeys 2016/05/16 v1.17 Key value parser (HO)

(y:/sw/texlive/2017/texmf-dist/tex/generic/oberdiek/etexcmds.sty
Package: etexcmds 2016/05/16 v1.6 Avoid name clashes with e-TeX commands (HO)
Package etexcmds Info: Could not find \expanded.
(etexcmds)             That can mean that you are not using pdfTeX 1.50 or
(etexcmds)             that some package has redefined \expanded.
(etexcmds)             In the latter case, load this package earlier.
)))
Package epstopdf-base Info: Redefining graphics rule for `.eps' on input line 4
38.
Package grfext Info: Graphics extension search list:
(grfext)             [.png,.pdf,.jpg,.mps,.jpeg,.jbig2,.jb2,.PNG,.PDF,.JPG,.JPE
G,.JBIG2,.JB2,.eps]
(grfext)             \AppendGraphicsExtensions on input line 456.

(y:/sw/texlive/2017/texmf-dist/tex/latex/latexconfig/epstopdf-sys.cfg
File: epstopdf-sys.cfg 2010/07/13 v1.3 Configuration of (r)epstopdf for TeX Liv
e
))
Package color Info: Redefining color ojcolor on input line 28.
LaTeX Font Info:    Try loading font information for OT1+phv on input line 49.

(y:/sw/texlive/2017/texmf-dist/tex/latex/psnfss/ot1phv.fd
File: ot1phv.fd 2001/06/04 scalable font definitions for OT1/phv.
)
LaTeX Font Info:    Font shape `OT1/phv/bx/n' in size <9> not available
(Font)              Font shape `OT1/phv/b/n' tried instead on input line 49.
LaTeX Font Info:    Try loading font information for U+msa on input line 50.

(y:/sw/texlive/2017/texmf-dist/tex/latex/amsfonts/umsa.fd
File: umsa.fd 2013/01/14 v3.01 AMS symbols A
)
LaTeX Font Info:    Try loading font information for U+msb on input line 50.

(y:/sw/texlive/2017/texmf-dist/tex/latex/amsfonts/umsb.fd
File: umsb.fd 2013/01/14 v3.01 AMS symbols B
)
LaTeX Font Info:    Font shape `OT1/phv/bx/n' in size <22> not available
(Font)              Font shape `OT1/phv/b/n' tried instead on input line 60.
LaTeX Font Info:    Font shape `OT1/phv/bx/n' in size <10> not available
(Font)              Font shape `OT1/phv/b/n' tried instead on input line 60.

** ATTENTION: \authorrefmark is deprecated (line 60). Use \IEEEauthorrefmark in
stead.
LaTeX Font Info:    Font shape `OT1/phv/bx/n' in size <7> not available
(Font)              Font shape `OT1/phv/b/n' tried instead on input line 60.
LaTeX Font Info:    Font shape `OT1/phv/bx/n' in size <8> not available
(Font)              Font shape `OT1/phv/b/n' tried instead on input line 60.
** ATTENTION: \authorrefmark is deprecated (line 60). Use \IEEEauthorrefmark in
stead.
** ATTENTION: \authorrefmark is deprecated (line 60). Use \IEEEauthorrefmark in
stead.
LaTeX Font Info:    Calculating math sizes for size <6.6> on input line 60.

LaTeX Font Warning: Font shape `OT1/cmr/m/n' in size <3.3> not available
(Font)              size <5> substituted on input line 60.


LaTeX Font Warning: Font shape `OML/cmm/m/it' in size <3.3> not available
(Font)              size <5> substituted on input line 60.


LaTeX Font Warning: Font shape `OMS/cmsy/m/n' in size <3.3> not available
(Font)              size <5> substituted on input line 60.

LaTeX Font Info:    Calculating math sizes for size <10.03749> on input line 64
.

Underfull \hbox (badness 10000) in paragraph at lines 64--74
[]\OT1/ptm/m/n/10.03749 HIS doc-u-ment is a tem-plate for L[]T[]X. If
 []


Underfull \hbox (badness 10000) in paragraph at lines 64--74
\OT1/ptm/m/n/10.03749 you are read-ing a pa-per or PDF ver-sion
 []


Underfull \hbox (badness 10000) in paragraph at lines 64--74
\OT1/ptm/m/n/10.03749 of this doc-u-ment, please down-load the elec-tronic
 []


Underfull \hbox (badness 10000) in paragraph at lines 64--74
\OT1/ptm/m/n/10.03749 file, trans[]jour.tex, from the IEEE Web site at
 []


Underfull \hbox (badness 10000) in paragraph at lines 64--74
[]$
 []


Underfull \hbox (badness 10000) in paragraph at lines 64--74
[]$
 []


Underfull \hbox (badness 4543) in paragraph at lines 64--74
\OT1/ptm/m/n/10.03749 at https://www.overleaf.com/blog/278-how-to-use-overleaf-

 []


Underfull \hbox (badness 10000) in paragraph at lines 64--74
\OT1/ptm/m/n/10.03749 with-ieee-collabratec-your-quick-guide-to-getting-started

 []


Underfull \vbox (badness 10000) has occurred while \output is active []

LaTeX Font Info:    Font shape `OT1/phv/bx/it' in size <9> not available
(Font)              Font shape `OT1/phv/b/it' tried instead on input line 83.
LaTeX Font Info:    Font shape `OT1/phv/b/it' in size <9> not available
(Font)              Font shape `OT1/phv/b/sl' tried instead on input line 83.

Underfull \vbox (badness 10000) has occurred while \output is active []


Overfull \vbox (23.7634pt too high) has occurred while \output is active []


[1{y:/sw/texlive/2017/texmf-var/fonts/map/pdftex/updmap/pdftex.map}


]
LaTeX Font Info:    Try loading font information for TS1+ptm on input line 99.

(y:/sw/texlive/2017/texmf-dist/tex/latex/psnfss/ts1ptm.fd
File: ts1ptm.fd 2001/06/04 font definitions for TS1/ptm.
)
LaTeX Font Info:    Font shape `OT1/phv/bx/it' in size <6> not available
(Font)              Font shape `OT1/phv/b/it' tried instead on input line 138.
LaTeX Font Info:    Font shape `OT1/phv/b/it' in size <6> not available
(Font)              Font shape `OT1/phv/b/sl' tried instead on input line 138.
LaTeX Font Info:    Try loading font information for OT1+pcr on input line 140.


(y:/sw/texlive/2017/texmf-dist/tex/latex/psnfss/ot1pcr.fd
File: ot1pcr.fd 2001/06/04 font definitions for OT1/pcr.
)
Overfull \vbox (23.7634pt too high) has occurred while \output is active []


[2
checksum mismatch in font ptmr8c.vf ignored
character width mismatch in font ptmr8c.vf ignored]
<fig1.png, id=21, 249.3315pt x 189.22694pt>
File: fig1.png Graphic file (type png)
 <use fig1.png>
Package pdftex.def Info: fig1.png used on input line 195.
(pdftex.def)             Requested size: 252.94499pt x 191.96947pt.

Underfull \vbox (badness 10000) has occurred while \output is active []


Underfull \hbox (badness 2591) in paragraph at lines 255--256
[]|\OT1/ptm/m/n/8 1 erg/(G$\OMS/cmsy/m/n/8 ^^A$\OT1/ptm/m/n/8 g) $\OT1/cmr/m/n/
8 =$ \OT1/ptm/m/n/8 1 emu/g $\OMS/cmsy/m/n/8 !$ \OT1/ptm/m/n/8 1
 []


Overfull \hbox (11.0pt too wide) in paragraph at lines 229--289
[][]
 []


Overfull \vbox (21.85692pt too high) has occurred while \output is active []


[3 <./fig1.png (PNG copy)>]
Overfull \vbox (23.7634pt too high) has occurred while \output is active []


[4]
Underfull \vbox (badness 6708) has occurred while \output is active []


Overfull \vbox (21.85692pt too high) has occurred while \output is active []


[5]
LaTeX Font Info:    Try loading font information for OMS+ptm on input line 504.

 (y:/sw/texlive/2017/texmf-dist/tex/latex/psnfss/omsptm.fd
File: omsptm.fd 
)
LaTeX Font Info:    Font shape `OMS/ptm/m/n' in size <10.03749> not available
(Font)              Font shape `OMS/cmsy/m/n' tried instead on input line 504.

Underfull \hbox (badness 10000) in paragraph at lines 504--511
\OT1/ptm/m/n/10.03749 Number foot-notes sep-a-rately in su-per-scripts
 []

LaTeX Font Info:    Try loading font information for TS1+phv on input line 529.

(y:/sw/texlive/2017/texmf-dist/tex/latex/psnfss/ts1phv.fd
File: ts1phv.fd 2001/06/04 scalable font definitions for TS1/phv.
)
LaTeX Font Info:    Font shape `TS1/phv/bx/it' in size <9> not available
(Font)              Font shape `TS1/phv/b/it' tried instead on input line 529.
LaTeX Font Info:    Font shape `TS1/phv/b/it' in size <9> not available
(Font)              Font shape `TS1/phv/b/sl' tried instead on input line 529.

Underfull \hbox (badness 10000) in paragraph at lines 530--539
\OT1/ptm/m/n/10.03749 sub-mis-sion and peer-review sys-tem, Schol-arOne\TS1/ptm
/m/n/10.03749 ®
 []


Underfull \hbox (badness 4266) in paragraph at lines 530--539
\OT1/ptm/m/n/10.03749 that par-tic-i-pate in Schol-arOne at http://www.ieee.org
/
 []


Underfull \hbox (badness 10000) in paragraph at lines 530--539
\OT1/ptm/m/n/10.03749 publications[]standards/publications/authors/authors[]
 []


Underfull \hbox (badness 2951) in paragraph at lines 530--539
\OT1/ptm/m/n/10.03749 submission.html First check if you have an ex-ist-ing
 []


Underfull \vbox (badness 10000) has occurred while \output is active []


Overfull \vbox (23.7634pt too high) has occurred while \output is active []


[6]
Overfull \vbox (21.85692pt too high) has occurred while \output is active []


[7]
Underfull \hbox (badness 1472) in paragraph at lines 677--678
[]\OT1/ptm/m/it/8 Motorola Semi-con-duc-tor Data Man-ual\OT1/ptm/m/n/8 , Mo-tor
ola Semi-con-duc-tor
 []


Underfull \hbox (badness 2126) in paragraph at lines 725--726
[]\OT1/ptm/m/n/8 Teralyzer. Lytera UG, Kirch-hain, Ger-many [On-line]. Avail-ab
le:
 []


Underfull \hbox (badness 1867) in paragraph at lines 725--726
\OT1/ptm/m/it/8 http://www.lytera.de/Terahertz[]THz[]Spectroscopy.php?id=home\O
T1/ptm/m/n/8 , Ac-
 []


Underfull \hbox (badness 5592) in paragraph at lines 745--747
\OT1/ptm/m/n/10.03749 Name of the in-ven-tion, by in-ven-tor's name. (year,
 []


Overfull \vbox (23.7634pt too high) has occurred while \output is active []


[8]
Overfull \vbox (21.85692pt too high) has occurred while \output is active []


[9] (./jxcdc.aux)

LaTeX Font Warning: Size substitutions with differences
(Font)              up to 1.7pt have occurred.

 ) 
Here is how much of TeX's memory you used:
 4399 strings out of 492995
 62637 string characters out of 6135022
 135802 words of memory out of 5000000
 7840 multiletter control sequences out of 15000+600000
 70992 words of font info for 141 fonts, out of 8000000 for 9000
 1141 hyphenation exceptions out of 8191
 39i,13n,26p,1598b,301s stack positions out of 5000i,500n,10000p,200000b,80000s
{y:/sw/texlive/2017/texmf-dist/fonts/enc/dvips/base/8r.enc}<y:/sw/texlive/201
7/texmf-dist/fonts/type1/public/amsfonts/cm/cmmi10.pfb><y:/sw/texlive/2017/texm
f-dist/fonts/type1/public/amsfonts/cm/cmmi6.pfb><y:/sw/texlive/2017/texmf-dist/
fonts/type1/public/amsfonts/cm/cmmi7.pfb><y:/sw/texlive/2017/texmf-dist/fonts/t
ype1/public/amsfonts/cm/cmmi8.pfb><y:/sw/texlive/2017/texmf-dist/fonts/type1/pu
blic/amsfonts/cm/cmr10.pfb><y:/sw/texlive/2017/texmf-dist/fonts/type1/public/am
sfonts/cm/cmr6.pfb><y:/sw/texlive/2017/texmf-dist/fonts/type1/public/amsfonts/c
m/cmr7.pfb><y:/sw/texlive/2017/texmf-dist/fonts/type1/public/amsfonts/cm/cmr8.p
fb><y:/sw/texlive/2017/texmf-dist/fonts/type1/public/amsfonts/cm/cmsy10.pfb><y:
/sw/texlive/2017/texmf-dist/fonts/type1/public/amsfonts/cm/cmsy6.pfb><y:/sw/tex
live/2017/texmf-dist/fonts/type1/public/amsfonts/cm/cmsy7.pfb><y:/sw/texlive/20
17/texmf-dist/fonts/type1/public/amsfonts/cm/cmsy8.pfb><y:/sw/texlive/2017/texm
f-dist/fonts/type1/urw/courier/ucrr8a.pfb><y:/sw/texlive/2017/texmf-dist/fonts/
type1/urw/helvetic/uhvb8a.pfb><y:/sw/texlive/2017/texmf-dist/fonts/type1/urw/he
lvetic/uhvbo8a.pfb><y:/sw/texlive/2017/texmf-dist/fonts/type1/urw/helvetic/uhvr
8a.pfb><y:/sw/texlive/2017/texmf-dist/fonts/type1/urw/times/utmb8a.pfb><y:/sw/t
exlive/2017/texmf-dist/fonts/type1/urw/times/utmbi8a.pfb><y:/sw/texlive/2017/te
xmf-dist/fonts/type1/urw/times/utmr8a.pfb><y:/sw/texlive/2017/texmf-dist/fonts/
type1/urw/times/utmri8a.pfb>
Output written on jxcdc.pdf (9 pages, 242263 bytes).
PDF statistics:
 116 PDF objects out of 1000 (max. 8388607)
 83 compressed objects within 1 object stream
 0 named destinations out of 1000 (max. 500000)
 6 words of extra memory for PDF output out of 10000 (max. 10000000)

